2014-02-06 14:57:38,458 WARN org.apache.hadoop.util.NativeCodeLoader: Unable to load native-hadoop library for your platform... using builtin-java classes where applicable
2014-02-06 14:57:39,682 WARN org.apache.hadoop.conf.Configuration: session.id is deprecated. Instead, use dfs.metrics.session-id
2014-02-06 14:57:39,685 INFO org.apache.hadoop.metrics.jvm.JvmMetrics: Initializing JVM Metrics with processName=JobTracker, sessionId=
2014-02-06 14:57:40,478 ERROR org.apache.hadoop.security.UserGroupInformation: PriviledgedActionException as:cloudera (auth:SIMPLE) cause:org.apache.hadoop.mapred.FileAlreadyExistsException: Output directory file:/home/cloudera/workspace/training/output already exists
2014-02-06 14:58:05,241 WARN org.apache.hadoop.util.NativeCodeLoader: Unable to load native-hadoop library for your platform... using builtin-java classes where applicable
2014-02-06 14:58:05,804 WARN org.apache.hadoop.conf.Configuration: session.id is deprecated. Instead, use dfs.metrics.session-id
2014-02-06 14:58:05,808 INFO org.apache.hadoop.metrics.jvm.JvmMetrics: Initializing JVM Metrics with processName=JobTracker, sessionId=
2014-02-06 14:58:06,028 WARN org.apache.hadoop.mapreduce.JobSubmitter: Use GenericOptionsParser for parsing the arguments. Applications should implement Tool for the same.
2014-02-06 14:58:06,038 WARN org.apache.hadoop.mapreduce.JobSubmitter: No job jar file set.  User classes may not be found. See Job or Job#setJar(String).
2014-02-06 14:58:06,092 INFO org.apache.hadoop.mapreduce.lib.input.FileInputFormat: Total input paths to process : 1
2014-02-06 14:58:06,733 INFO org.apache.hadoop.mapreduce.JobSubmitter: number of splits:1
2014-02-06 14:58:07,332 WARN org.apache.hadoop.conf.Configuration: mapred.output.value.class is deprecated. Instead, use mapreduce.job.output.value.class
2014-02-06 14:58:07,334 WARN org.apache.hadoop.conf.Configuration: mapreduce.map.class is deprecated. Instead, use mapreduce.job.map.class
2014-02-06 14:58:07,334 WARN org.apache.hadoop.conf.Configuration: mapred.job.name is deprecated. Instead, use mapreduce.job.name
2014-02-06 14:58:07,334 WARN org.apache.hadoop.conf.Configuration: mapreduce.reduce.class is deprecated. Instead, use mapreduce.job.reduce.class
2014-02-06 14:58:07,334 WARN org.apache.hadoop.conf.Configuration: mapred.input.dir is deprecated. Instead, use mapreduce.input.fileinputformat.inputdir
2014-02-06 14:58:07,334 WARN org.apache.hadoop.conf.Configuration: mapred.output.dir is deprecated. Instead, use mapreduce.output.fileoutputformat.outputdir
2014-02-06 14:58:07,335 WARN org.apache.hadoop.conf.Configuration: mapred.map.tasks is deprecated. Instead, use mapreduce.job.maps
2014-02-06 14:58:07,335 WARN org.apache.hadoop.conf.Configuration: mapred.output.key.class is deprecated. Instead, use mapreduce.job.output.key.class
2014-02-06 14:58:07,336 WARN org.apache.hadoop.conf.Configuration: mapred.working.dir is deprecated. Instead, use mapreduce.job.working.dir
2014-02-06 14:58:08,631 INFO org.apache.hadoop.mapreduce.JobSubmitter: Submitting tokens for job: job_local1789699506_0001
2014-02-06 14:58:09,732 INFO org.apache.hadoop.mapreduce.Job: The url to track the job: http://localhost:8080/
2014-02-06 14:58:09,732 INFO org.apache.hadoop.mapreduce.Job: Running job: job_local1789699506_0001
2014-02-06 14:58:09,750 INFO org.apache.hadoop.mapred.LocalJobRunner: OutputCommitter set in config null
2014-02-06 14:58:09,792 INFO org.apache.hadoop.mapred.LocalJobRunner: OutputCommitter is org.apache.hadoop.mapreduce.lib.output.FileOutputCommitter
2014-02-06 14:58:09,862 INFO org.apache.hadoop.mapred.LocalJobRunner: Waiting for map tasks
2014-02-06 14:58:09,864 INFO org.apache.hadoop.mapred.LocalJobRunner: Starting task: attempt_local1789699506_0001_m_000000_0
2014-02-06 14:58:10,150 INFO org.apache.hadoop.mapred.Task:  Using ResourceCalculatorProcessTree : [ ]
2014-02-06 14:58:10,153 INFO org.apache.hadoop.mapred.MapTask: Processing split: file:/home/cloudera/workspace/training/input/data.txt:0+310
2014-02-06 14:58:10,190 INFO org.apache.hadoop.mapred.MapTask: Map output collector class = org.apache.hadoop.mapred.MapTask$MapOutputBuffer
2014-02-06 14:58:10,859 INFO org.apache.hadoop.mapreduce.Job: Job job_local1789699506_0001 running in uber mode : false
2014-02-06 14:58:10,862 INFO org.apache.hadoop.mapred.MapTask: (EQUATOR) 0 kvi 26214396(104857584)
2014-02-06 14:58:11,063 INFO org.apache.hadoop.mapred.MapTask: mapreduce.task.io.sort.mb: 100
2014-02-06 14:58:11,063 INFO org.apache.hadoop.mapred.MapTask: soft limit at 83886080
2014-02-06 14:58:11,063 INFO org.apache.hadoop.mapred.MapTask: bufstart = 0; bufvoid = 104857600
2014-02-06 14:58:11,063 INFO org.apache.hadoop.mapred.MapTask: kvstart = 26214396; length = 6553600
2014-02-06 14:58:11,122 INFO org.apache.hadoop.mapreduce.Job:  map 0% reduce 0%
2014-02-06 14:58:12,062 INFO org.apache.hadoop.mapred.LocalJobRunner: 
2014-02-06 14:58:12,063 INFO org.apache.hadoop.mapred.MapTask: Starting flush of map output
2014-02-06 14:58:12,063 INFO org.apache.hadoop.mapred.MapTask: Spilling map output
2014-02-06 14:58:12,064 INFO org.apache.hadoop.mapred.MapTask: bufstart = 0; bufend = 45; bufvoid = 104857600
2014-02-06 14:58:12,064 INFO org.apache.hadoop.mapred.MapTask: kvstart = 26214396(104857584); kvend = 26214380(104857520); length = 17/6553600
2014-02-06 14:58:12,266 INFO org.apache.hadoop.mapred.MapTask: Finished spill 0
2014-02-06 14:58:12,305 INFO org.apache.hadoop.mapred.Task: Task:attempt_local1789699506_0001_m_000000_0 is done. And is in the process of committing
2014-02-06 14:58:12,448 INFO org.apache.hadoop.mapred.LocalJobRunner: map
2014-02-06 14:58:12,451 INFO org.apache.hadoop.mapred.Task: Task 'attempt_local1789699506_0001_m_000000_0' done.
2014-02-06 14:58:12,451 INFO org.apache.hadoop.mapred.LocalJobRunner: Finishing task: attempt_local1789699506_0001_m_000000_0
2014-02-06 14:58:12,451 INFO org.apache.hadoop.mapred.LocalJobRunner: Map task executor complete.
2014-02-06 14:58:12,597 INFO org.apache.hadoop.mapreduce.Job:  map 100% reduce 0%
2014-02-06 14:58:12,860 INFO org.apache.hadoop.mapred.Task:  Using ResourceCalculatorProcessTree : [ ]
2014-02-06 14:58:13,080 INFO org.apache.hadoop.mapred.Merger: Merging 1 sorted segments
2014-02-06 14:58:17,256 INFO org.apache.hadoop.mapred.Merger: Down to the last merge-pass, with 1 segments left of total size: 50 bytes
2014-02-06 14:58:17,256 INFO org.apache.hadoop.mapred.LocalJobRunner: 
2014-02-06 14:58:17,836 WARN org.apache.hadoop.conf.Configuration: mapred.skip.on is deprecated. Instead, use mapreduce.job.skiprecords
2014-02-06 14:58:18,031 INFO org.apache.hadoop.mapred.Task: Task:attempt_local1789699506_0001_r_000000_0 is done. And is in the process of committing
2014-02-06 14:58:18,035 INFO org.apache.hadoop.mapred.LocalJobRunner: 
2014-02-06 14:58:18,035 INFO org.apache.hadoop.mapred.Task: Task attempt_local1789699506_0001_r_000000_0 is allowed to commit now
2014-02-06 14:58:18,037 INFO org.apache.hadoop.mapreduce.lib.output.FileOutputCommitter: Saved output of task 'attempt_local1789699506_0001_r_000000_0' to file:/home/cloudera/workspace/training/output/_temporary/0/task_local1789699506_0001_r_000000
2014-02-06 14:58:18,037 INFO org.apache.hadoop.mapred.LocalJobRunner: reduce > reduce
2014-02-06 14:58:18,038 INFO org.apache.hadoop.mapred.Task: Task 'attempt_local1789699506_0001_r_000000_0' done.
2014-02-06 14:58:18,602 INFO org.apache.hadoop.mapreduce.Job:  map 100% reduce 100%
2014-02-06 14:58:18,603 INFO org.apache.hadoop.mapreduce.Job: Job job_local1789699506_0001 completed successfully
2014-02-06 14:58:19,380 INFO org.apache.hadoop.mapreduce.Job: Counters: 27
	File System Counters
		FILE: Number of bytes read=1029
		FILE: Number of bytes written=339655
		FILE: Number of read operations=0
		FILE: Number of large read operations=0
		FILE: Number of write operations=0
	Map-Reduce Framework
		Map input records=5
		Map output records=5
		Map output bytes=45
		Map output materialized bytes=61
		Input split bytes=118
		Combine input records=0
		Combine output records=0
		Reduce input groups=2
		Reduce shuffle bytes=0
		Reduce input records=5
		Reduce output records=2
		Spilled Records=10
		Shuffled Maps =0
		Failed Shuffles=0
		Merged Map outputs=0
		GC time elapsed (ms)=58
		CPU time spent (ms)=0
		Physical memory (bytes) snapshot=0
		Virtual memory (bytes) snapshot=0
		Total committed heap usage (bytes)=269623296
	File Input Format Counters 
		Bytes Read=310
	File Output Format Counters 
		Bytes Written=29
