2014-02-13 19:45:52,567 WARN org.apache.hadoop.util.NativeCodeLoader: Unable to load native-hadoop library for your platform... using builtin-java classes where applicable
2014-02-13 19:45:53,170 WARN org.apache.hadoop.conf.Configuration: session.id is deprecated. Instead, use dfs.metrics.session-id
2014-02-13 19:45:53,172 INFO org.apache.hadoop.metrics.jvm.JvmMetrics: Initializing JVM Metrics with processName=JobTracker, sessionId=
2014-02-13 19:45:53,346 WARN org.apache.hadoop.mapreduce.JobSubmitter: Use GenericOptionsParser for parsing the arguments. Applications should implement Tool for the same.
2014-02-13 19:45:53,357 WARN org.apache.hadoop.mapreduce.JobSubmitter: No job jar file set.  User classes may not be found. See Job or Job#setJar(String).
2014-02-13 19:45:53,377 INFO org.apache.hadoop.mapreduce.lib.input.FileInputFormat: Total input paths to process : 1
2014-02-13 19:45:53,475 INFO org.apache.hadoop.mapreduce.JobSubmitter: number of splits:1
2014-02-13 19:45:53,513 WARN org.apache.hadoop.conf.Configuration: mapred.output.value.class is deprecated. Instead, use mapreduce.job.output.value.class
2014-02-13 19:45:53,514 WARN org.apache.hadoop.conf.Configuration: mapreduce.map.class is deprecated. Instead, use mapreduce.job.map.class
2014-02-13 19:45:53,515 WARN org.apache.hadoop.conf.Configuration: mapred.job.name is deprecated. Instead, use mapreduce.job.name
2014-02-13 19:45:53,515 WARN org.apache.hadoop.conf.Configuration: mapreduce.reduce.class is deprecated. Instead, use mapreduce.job.reduce.class
2014-02-13 19:45:53,515 WARN org.apache.hadoop.conf.Configuration: mapred.input.dir is deprecated. Instead, use mapreduce.input.fileinputformat.inputdir
2014-02-13 19:45:53,515 WARN org.apache.hadoop.conf.Configuration: mapred.output.dir is deprecated. Instead, use mapreduce.output.fileoutputformat.outputdir
2014-02-13 19:45:53,515 WARN org.apache.hadoop.conf.Configuration: mapred.map.tasks is deprecated. Instead, use mapreduce.job.maps
2014-02-13 19:45:53,516 WARN org.apache.hadoop.conf.Configuration: mapred.output.key.class is deprecated. Instead, use mapreduce.job.output.key.class
2014-02-13 19:45:53,518 WARN org.apache.hadoop.conf.Configuration: mapred.working.dir is deprecated. Instead, use mapreduce.job.working.dir
2014-02-13 19:45:53,804 INFO org.apache.hadoop.mapreduce.JobSubmitter: Submitting tokens for job: job_local524297069_0001
2014-02-13 19:45:54,530 INFO org.apache.hadoop.mapreduce.Job: The url to track the job: http://localhost:8080/
2014-02-13 19:45:54,531 INFO org.apache.hadoop.mapreduce.Job: Running job: job_local524297069_0001
2014-02-13 19:45:54,533 INFO org.apache.hadoop.mapred.LocalJobRunner: OutputCommitter set in config null
2014-02-13 19:45:54,554 INFO org.apache.hadoop.mapred.LocalJobRunner: OutputCommitter is org.apache.hadoop.mapreduce.lib.output.FileOutputCommitter
2014-02-13 19:45:54,589 INFO org.apache.hadoop.mapred.LocalJobRunner: Waiting for map tasks
2014-02-13 19:45:54,590 INFO org.apache.hadoop.mapred.LocalJobRunner: Starting task: attempt_local524297069_0001_m_000000_0
2014-02-13 19:45:54,748 INFO org.apache.hadoop.mapred.Task:  Using ResourceCalculatorProcessTree : [ ]
2014-02-13 19:45:54,752 INFO org.apache.hadoop.mapred.MapTask: Processing split: file:/home/cloudera/workspace/training/hw3/input.txt:0+95
2014-02-13 19:45:54,785 INFO org.apache.hadoop.mapred.MapTask: Map output collector class = org.apache.hadoop.mapred.MapTask$MapOutputBuffer
2014-02-13 19:45:54,973 INFO org.apache.hadoop.mapred.MapTask: (EQUATOR) 0 kvi 26214396(104857584)
2014-02-13 19:45:54,976 INFO org.apache.hadoop.mapred.MapTask: mapreduce.task.io.sort.mb: 100
2014-02-13 19:45:54,976 INFO org.apache.hadoop.mapred.MapTask: soft limit at 83886080
2014-02-13 19:45:54,977 INFO org.apache.hadoop.mapred.MapTask: bufstart = 0; bufvoid = 104857600
2014-02-13 19:45:54,977 INFO org.apache.hadoop.mapred.MapTask: kvstart = 26214396; length = 6553600
2014-02-13 19:45:54,995 INFO org.apache.hadoop.mapred.LocalJobRunner: 
2014-02-13 19:45:55,000 INFO org.apache.hadoop.mapred.MapTask: Starting flush of map output
2014-02-13 19:45:55,000 INFO org.apache.hadoop.mapred.MapTask: Spilling map output
2014-02-13 19:45:55,000 INFO org.apache.hadoop.mapred.MapTask: bufstart = 0; bufend = 287; bufvoid = 104857600
2014-02-13 19:45:55,000 INFO org.apache.hadoop.mapred.MapTask: kvstart = 26214396(104857584); kvend = 26214316(104857264); length = 81/6553600
2014-02-13 19:45:55,016 INFO org.apache.hadoop.mapred.MapTask: Finished spill 0
2014-02-13 19:45:55,023 INFO org.apache.hadoop.mapred.Task: Task:attempt_local524297069_0001_m_000000_0 is done. And is in the process of committing
2014-02-13 19:45:55,033 INFO org.apache.hadoop.mapred.LocalJobRunner: map
2014-02-13 19:45:55,033 INFO org.apache.hadoop.mapred.Task: Task 'attempt_local524297069_0001_m_000000_0' done.
2014-02-13 19:45:55,033 INFO org.apache.hadoop.mapred.LocalJobRunner: Finishing task: attempt_local524297069_0001_m_000000_0
2014-02-13 19:45:55,033 INFO org.apache.hadoop.mapred.LocalJobRunner: Map task executor complete.
2014-02-13 19:45:55,052 INFO org.apache.hadoop.mapred.Task:  Using ResourceCalculatorProcessTree : [ ]
2014-02-13 19:45:55,062 INFO org.apache.hadoop.mapred.Merger: Merging 1 sorted segments
2014-02-13 19:45:55,079 INFO org.apache.hadoop.mapred.Merger: Down to the last merge-pass, with 1 segments left of total size: 327 bytes
2014-02-13 19:45:55,083 INFO org.apache.hadoop.mapred.LocalJobRunner: 
2014-02-13 19:45:55,102 WARN org.apache.hadoop.conf.Configuration: mapred.skip.on is deprecated. Instead, use mapreduce.job.skiprecords
2014-02-13 19:45:55,113 INFO org.apache.hadoop.mapred.Task: Task:attempt_local524297069_0001_r_000000_0 is done. And is in the process of committing
2014-02-13 19:45:55,113 INFO org.apache.hadoop.mapred.LocalJobRunner: 
2014-02-13 19:45:55,118 INFO org.apache.hadoop.mapred.Task: Task attempt_local524297069_0001_r_000000_0 is allowed to commit now
2014-02-13 19:45:55,119 INFO org.apache.hadoop.mapreduce.lib.output.FileOutputCommitter: Saved output of task 'attempt_local524297069_0001_r_000000_0' to file:/home/cloudera/workspace/training/hw3/output/_temporary/0/task_local524297069_0001_r_000000
2014-02-13 19:45:55,120 INFO org.apache.hadoop.mapred.LocalJobRunner: reduce > reduce
2014-02-13 19:45:55,120 INFO org.apache.hadoop.mapred.Task: Task 'attempt_local524297069_0001_r_000000_0' done.
2014-02-13 19:45:55,540 INFO org.apache.hadoop.mapreduce.Job: Job job_local524297069_0001 running in uber mode : false
2014-02-13 19:45:55,543 INFO org.apache.hadoop.mapreduce.Job:  map 100% reduce 100%
2014-02-13 19:45:55,548 INFO org.apache.hadoop.mapreduce.Job: Job job_local524297069_0001 completed successfully
2014-02-13 19:45:55,569 INFO org.apache.hadoop.mapreduce.Job: Counters: 27
	File System Counters
		FILE: Number of bytes read=867
		FILE: Number of bytes written=338297
		FILE: Number of read operations=0
		FILE: Number of large read operations=0
		FILE: Number of write operations=0
	Map-Reduce Framework
		Map input records=6
		Map output records=21
		Map output bytes=287
		Map output materialized bytes=335
		Input split bytes=117
		Combine input records=0
		Combine output records=0
		Reduce input groups=6
		Reduce shuffle bytes=0
		Reduce input records=21
		Reduce output records=6
		Spilled Records=42
		Shuffled Maps =0
		Failed Shuffles=0
		Merged Map outputs=0
		GC time elapsed (ms)=70
		CPU time spent (ms)=0
		Physical memory (bytes) snapshot=0
		Virtual memory (bytes) snapshot=0
		Total committed heap usage (bytes)=269623296
	File Input Format Counters 
		Bytes Read=95
	File Output Format Counters 
		Bytes Written=163
