2014-02-10 02:11:56,058 WARN org.apache.hadoop.util.NativeCodeLoader: Unable to load native-hadoop library for your platform... using builtin-java classes where applicable
2014-02-10 02:11:56,602 WARN org.apache.hadoop.conf.Configuration: session.id is deprecated. Instead, use dfs.metrics.session-id
2014-02-10 02:11:56,609 INFO org.apache.hadoop.metrics.jvm.JvmMetrics: Initializing JVM Metrics with processName=JobTracker, sessionId=
2014-02-10 02:11:56,756 ERROR org.apache.hadoop.security.UserGroupInformation: PriviledgedActionException as:cloudera (auth:SIMPLE) cause:org.apache.hadoop.mapred.FileAlreadyExistsException: Output directory file:/home/cloudera/workspace/training/hw2/output already exists
2014-02-10 02:12:20,517 WARN org.apache.hadoop.util.NativeCodeLoader: Unable to load native-hadoop library for your platform... using builtin-java classes where applicable
2014-02-10 02:12:21,101 WARN org.apache.hadoop.conf.Configuration: session.id is deprecated. Instead, use dfs.metrics.session-id
2014-02-10 02:12:21,105 INFO org.apache.hadoop.metrics.jvm.JvmMetrics: Initializing JVM Metrics with processName=JobTracker, sessionId=
2014-02-10 02:12:21,248 WARN org.apache.hadoop.mapreduce.JobSubmitter: Use GenericOptionsParser for parsing the arguments. Applications should implement Tool for the same.
2014-02-10 02:12:21,260 WARN org.apache.hadoop.mapreduce.JobSubmitter: No job jar file set.  User classes may not be found. See Job or Job#setJar(String).
2014-02-10 02:12:21,276 INFO org.apache.hadoop.mapreduce.lib.input.FileInputFormat: Total input paths to process : 1
2014-02-10 02:12:21,399 INFO org.apache.hadoop.mapreduce.JobSubmitter: number of splits:1
2014-02-10 02:12:21,477 WARN org.apache.hadoop.conf.Configuration: mapred.output.value.class is deprecated. Instead, use mapreduce.job.output.value.class
2014-02-10 02:12:21,480 WARN org.apache.hadoop.conf.Configuration: mapreduce.map.class is deprecated. Instead, use mapreduce.job.map.class
2014-02-10 02:12:21,485 WARN org.apache.hadoop.conf.Configuration: mapred.job.name is deprecated. Instead, use mapreduce.job.name
2014-02-10 02:12:21,486 WARN org.apache.hadoop.conf.Configuration: mapreduce.reduce.class is deprecated. Instead, use mapreduce.job.reduce.class
2014-02-10 02:12:21,487 WARN org.apache.hadoop.conf.Configuration: mapred.input.dir is deprecated. Instead, use mapreduce.input.fileinputformat.inputdir
2014-02-10 02:12:21,487 WARN org.apache.hadoop.conf.Configuration: mapred.output.dir is deprecated. Instead, use mapreduce.output.fileoutputformat.outputdir
2014-02-10 02:12:21,487 WARN org.apache.hadoop.conf.Configuration: mapred.map.tasks is deprecated. Instead, use mapreduce.job.maps
2014-02-10 02:12:21,490 WARN org.apache.hadoop.conf.Configuration: mapred.output.key.class is deprecated. Instead, use mapreduce.job.output.key.class
2014-02-10 02:12:21,491 WARN org.apache.hadoop.conf.Configuration: mapred.working.dir is deprecated. Instead, use mapreduce.job.working.dir
2014-02-10 02:12:21,793 INFO org.apache.hadoop.mapreduce.JobSubmitter: Submitting tokens for job: job_local317006275_0001
2014-02-10 02:12:22,610 INFO org.apache.hadoop.mapreduce.Job: The url to track the job: http://localhost:8080/
2014-02-10 02:12:22,611 INFO org.apache.hadoop.mapreduce.Job: Running job: job_local317006275_0001
2014-02-10 02:12:22,614 INFO org.apache.hadoop.mapred.LocalJobRunner: OutputCommitter set in config null
2014-02-10 02:12:22,632 INFO org.apache.hadoop.mapred.LocalJobRunner: OutputCommitter is org.apache.hadoop.mapreduce.lib.output.FileOutputCommitter
2014-02-10 02:12:22,690 INFO org.apache.hadoop.mapred.LocalJobRunner: Waiting for map tasks
2014-02-10 02:12:22,691 INFO org.apache.hadoop.mapred.LocalJobRunner: Starting task: attempt_local317006275_0001_m_000000_0
2014-02-10 02:12:22,888 INFO org.apache.hadoop.mapred.Task:  Using ResourceCalculatorProcessTree : [ ]
2014-02-10 02:12:22,897 INFO org.apache.hadoop.mapred.MapTask: Processing split: file:/home/cloudera/workspace/training/hw2/input/tweet.txt:0+289
2014-02-10 02:12:22,924 INFO org.apache.hadoop.mapred.MapTask: Map output collector class = org.apache.hadoop.mapred.MapTask$MapOutputBuffer
2014-02-10 02:12:23,114 INFO org.apache.hadoop.mapred.MapTask: (EQUATOR) 0 kvi 26214396(104857584)
2014-02-10 02:12:23,116 INFO org.apache.hadoop.mapred.MapTask: mapreduce.task.io.sort.mb: 100
2014-02-10 02:12:23,116 INFO org.apache.hadoop.mapred.MapTask: soft limit at 83886080
2014-02-10 02:12:23,116 INFO org.apache.hadoop.mapred.MapTask: bufstart = 0; bufvoid = 104857600
2014-02-10 02:12:23,116 INFO org.apache.hadoop.mapred.MapTask: kvstart = 26214396; length = 6553600
2014-02-10 02:12:23,391 INFO org.apache.hadoop.mapred.LocalJobRunner: 
2014-02-10 02:12:23,391 INFO org.apache.hadoop.mapred.MapTask: Starting flush of map output
2014-02-10 02:12:23,391 INFO org.apache.hadoop.mapred.MapTask: Spilling map output
2014-02-10 02:12:23,392 INFO org.apache.hadoop.mapred.MapTask: bufstart = 0; bufend = 129; bufvoid = 104857600
2014-02-10 02:12:23,392 INFO org.apache.hadoop.mapred.MapTask: kvstart = 26214396(104857584); kvend = 26214352(104857408); length = 45/6553600
2014-02-10 02:12:23,580 INFO org.apache.hadoop.mapred.MapTask: Finished spill 0
2014-02-10 02:12:23,613 INFO org.apache.hadoop.mapreduce.Job: Job job_local317006275_0001 running in uber mode : false
2014-02-10 02:12:23,712 INFO org.apache.hadoop.mapred.Task: Task:attempt_local317006275_0001_m_000000_0 is done. And is in the process of committing
2014-02-10 02:12:23,719 INFO org.apache.hadoop.mapred.LocalJobRunner: map
2014-02-10 02:12:23,720 INFO org.apache.hadoop.mapred.Task: Task 'attempt_local317006275_0001_m_000000_0' done.
2014-02-10 02:12:23,720 INFO org.apache.hadoop.mapred.LocalJobRunner: Finishing task: attempt_local317006275_0001_m_000000_0
2014-02-10 02:12:23,720 INFO org.apache.hadoop.mapred.LocalJobRunner: Map task executor complete.
2014-02-10 02:12:23,726 INFO org.apache.hadoop.mapreduce.Job:  map 0% reduce 0%
2014-02-10 02:12:23,789 INFO org.apache.hadoop.mapred.Task:  Using ResourceCalculatorProcessTree : [ ]
2014-02-10 02:12:24,058 INFO org.apache.hadoop.mapred.Merger: Merging 1 sorted segments
2014-02-10 02:12:24,321 INFO org.apache.hadoop.mapred.Merger: Down to the last merge-pass, with 1 segments left of total size: 145 bytes
2014-02-10 02:12:24,321 INFO org.apache.hadoop.mapred.LocalJobRunner: 
2014-02-10 02:12:24,594 WARN org.apache.hadoop.conf.Configuration: mapred.skip.on is deprecated. Instead, use mapreduce.job.skiprecords
2014-02-10 02:12:24,617 INFO org.apache.hadoop.mapred.Task: Task:attempt_local317006275_0001_r_000000_0 is done. And is in the process of committing
2014-02-10 02:12:24,617 INFO org.apache.hadoop.mapred.LocalJobRunner: 
2014-02-10 02:12:24,618 INFO org.apache.hadoop.mapred.Task: Task attempt_local317006275_0001_r_000000_0 is allowed to commit now
2014-02-10 02:12:24,622 INFO org.apache.hadoop.mapreduce.lib.output.FileOutputCommitter: Saved output of task 'attempt_local317006275_0001_r_000000_0' to file:/home/cloudera/workspace/training/hw2/output/_temporary/0/task_local317006275_0001_r_000000
2014-02-10 02:12:24,622 INFO org.apache.hadoop.mapred.LocalJobRunner: reduce > reduce
2014-02-10 02:12:24,623 INFO org.apache.hadoop.mapred.Task: Task 'attempt_local317006275_0001_r_000000_0' done.
2014-02-10 02:12:24,780 INFO org.apache.hadoop.mapreduce.Job:  map 100% reduce 100%
2014-02-10 02:12:24,781 INFO org.apache.hadoop.mapreduce.Job: Job job_local317006275_0001 completed successfully
2014-02-10 02:12:24,846 INFO org.apache.hadoop.mapreduce.Job: Counters: 27
	File System Counters
		FILE: Number of bytes read=1095
		FILE: Number of bytes written=337983
		FILE: Number of read operations=0
		FILE: Number of large read operations=0
		FILE: Number of write operations=0
	Map-Reduce Framework
		Map input records=3
		Map output records=12
		Map output bytes=129
		Map output materialized bytes=159
		Input split bytes=123
		Combine input records=0
		Combine output records=0
		Reduce input groups=4
		Reduce shuffle bytes=0
		Reduce input records=12
		Reduce output records=4
		Spilled Records=24
		Shuffled Maps =0
		Failed Shuffles=0
		Merged Map outputs=0
		GC time elapsed (ms)=64
		CPU time spent (ms)=0
		Physical memory (bytes) snapshot=0
		Virtual memory (bytes) snapshot=0
		Total committed heap usage (bytes)=269623296
	File Input Format Counters 
		Bytes Read=289
	File Output Format Counters 
		Bytes Written=47
